  Task_3.cpp
\\mac\Home\Desktop\Netology\Lesson_1\Task_3\Task_3.cpp(15,18): warning C4566: символ, представленный универсальным именем символа "\u0412", невозможно представить в текущей кодовой странице (1252)
\\mac\Home\Desktop\Netology\Lesson_1\Task_3\Task_3.cpp(15,18): warning C4566: символ, представленный универсальным именем символа "\u0432", невозможно представить в текущей кодовой странице (1252)
\\mac\Home\Desktop\Netology\Lesson_1\Task_3\Task_3.cpp(15,18): warning C4566: символ, представленный универсальным именем символа "\u0435", невозможно представить в текущей кодовой странице (1252)
\\mac\Home\Desktop\Netology\Lesson_1\Task_3\Task_3.cpp(15,18): warning C4566: символ, представленный универсальным именем символа "\u0434", невозможно представить в текущей кодовой странице (1252)
\\mac\Home\Desktop\Netology\Lesson_1\Task_3\Task_3.cpp(15,18): warning C4566: символ, представленный универсальным именем символа "\u0438", невозможно представить в текущей кодовой странице (1252)
\\mac\Home\Desktop\Netology\Lesson_1\Task_3\Task_3.cpp(15,18): warning C4566: символ, представленный универсальным именем символа "\u0442", невозможно представить в текущей кодовой странице (1252)
\\mac\Home\Desktop\Netology\Lesson_1\Task_3\Task_3.cpp(15,18): warning C4566: символ, представленный универсальным именем символа "\u0430", невозможно представить в текущей кодовой странице (1252)
\\mac\Home\Desktop\Netology\Lesson_1\Task_3\Task_3.cpp(15,18): warning C4566: символ, представленный универсальным именем символа "\u043D", невозможно представить в текущей кодовой странице (1252)
\\mac\Home\Desktop\Netology\Lesson_1\Task_3\Task_3.cpp(15,18): warning C4566: символ, представленный универсальным именем символа "\u044B", невозможно представить в текущей кодовой странице (1252)
\\mac\Home\Desktop\Netology\Lesson_1\Task_3\Task_3.cpp(15,18): warning C4566: символ, представленный универсальным именем символа "\u043F", невозможно представить в текущей кодовой странице (1252)
\\mac\Home\Desktop\Netology\Lesson_1\Task_3\Task_3.cpp(15,18): warning C4566: символ, представленный универсальным именем символа "\u043E", невозможно представить в текущей кодовой странице (1252)
\\mac\Home\Desktop\Netology\Lesson_1\Task_3\Task_3.cpp(15,18): warning C4566: символ, представленный универсальным именем символа "\u0440", невозможно представить в текущей кодовой странице (1252)
\\mac\Home\Desktop\Netology\Lesson_1\Task_3\Task_3.cpp(15,18): warning C4566: символ, представленный универсальным именем символа "\u0441", невозможно представить в текущей кодовой странице (1252)
\\mac\Home\Desktop\Netology\Lesson_1\Task_3\Task_3.cpp(15,18): warning C4566: символ, представленный универсальным именем символа "\u043C", невозможно представить в текущей кодовой странице (1252)
\\mac\Home\Desktop\Netology\Lesson_1\Task_3\Task_3.cpp(18,22): warning C4566: символ, представленный универсальным именем символа "\u0413", невозможно представить в текущей кодовой странице (1252)
\\mac\Home\Desktop\Netology\Lesson_1\Task_3\Task_3.cpp(18,22): warning C4566: символ, представленный универсальным именем символа "\u043E", невозможно представить в текущей кодовой странице (1252)
\\mac\Home\Desktop\Netology\Lesson_1\Task_3\Task_3.cpp(18,22): warning C4566: символ, представленный универсальным именем символа "\u0440", невозможно представить в текущей кодовой странице (1252)
\\mac\Home\Desktop\Netology\Lesson_1\Task_3\Task_3.cpp(18,22): warning C4566: символ, представленный универсальным именем символа "\u0434", невозможно представить в текущей кодовой странице (1252)
\\mac\Home\Desktop\Netology\Lesson_1\Task_3\Task_3.cpp(20,22): warning C4566: символ, представленный универсальным именем символа "\u0423", невозможно представить в текущей кодовой странице (1252)
\\mac\Home\Desktop\Netology\Lesson_1\Task_3\Task_3.cpp(20,22): warning C4566: символ, представленный универсальным именем символа "\u043B", невозможно представить в текущей кодовой странице (1252)
\\mac\Home\Desktop\Netology\Lesson_1\Task_3\Task_3.cpp(20,22): warning C4566: символ, представленный универсальным именем символа "\u0438", невозможно представить в текущей кодовой странице (1252)
\\mac\Home\Desktop\Netology\Lesson_1\Task_3\Task_3.cpp(20,22): warning C4566: символ, представленный универсальным именем символа "\u0446", невозможно представить в текущей кодовой странице (1252)
\\mac\Home\Desktop\Netology\Lesson_1\Task_3\Task_3.cpp(20,22): warning C4566: символ, представленный универсальным именем символа "\u0430", невозможно представить в текущей кодовой странице (1252)
\\mac\Home\Desktop\Netology\Lesson_1\Task_3\Task_3.cpp(22,22): warning C4566: символ, представленный универсальным именем символа "\u041D", невозможно представить в текущей кодовой странице (1252)
\\mac\Home\Desktop\Netology\Lesson_1\Task_3\Task_3.cpp(22,22): warning C4566: символ, представленный универсальным именем символа "\u043E", невозможно представить в текущей кодовой странице (1252)
\\mac\Home\Desktop\Netology\Lesson_1\Task_3\Task_3.cpp(22,22): warning C4566: символ, представленный универсальным именем символа "\u043C", невозможно представить в текущей кодовой странице (1252)
\\mac\Home\Desktop\Netology\Lesson_1\Task_3\Task_3.cpp(22,22): warning C4566: символ, представленный универсальным именем символа "\u0435", невозможно представить в текущей кодовой странице (1252)
\\mac\Home\Desktop\Netology\Lesson_1\Task_3\Task_3.cpp(22,22): warning C4566: символ, представленный универсальным именем символа "\u0440", невозможно представить в текущей кодовой странице (1252)
\\mac\Home\Desktop\Netology\Lesson_1\Task_3\Task_3.cpp(22,22): warning C4566: символ, представленный универсальным именем символа "\u0434", невозможно представить в текущей кодовой странице (1252)
\\mac\Home\Desktop\Netology\Lesson_1\Task_3\Task_3.cpp(22,22): warning C4566: символ, представленный универсальным именем символа "\u0430", невозможно представить в текущей кодовой странице (1252)
\\mac\Home\Desktop\Netology\Lesson_1\Task_3\Task_3.cpp(24,22): warning C4566: символ, представленный универсальным именем символа "\u041D", невозможно представить в текущей кодовой странице (1252)
\\mac\Home\Desktop\Netology\Lesson_1\Task_3\Task_3.cpp(24,22): warning C4566: символ, представленный универсальным именем символа "\u043E", невозможно представить в текущей кодовой странице (1252)
\\mac\Home\Desktop\Netology\Lesson_1\Task_3\Task_3.cpp(24,22): warning C4566: символ, представленный универсальным именем символа "\u043C", невозможно представить в текущей кодовой странице (1252)
\\mac\Home\Desktop\Netology\Lesson_1\Task_3\Task_3.cpp(24,22): warning C4566: символ, представленный универсальным именем символа "\u0435", невозможно представить в текущей кодовой странице (1252)
\\mac\Home\Desktop\Netology\Lesson_1\Task_3\Task_3.cpp(24,22): warning C4566: символ, представленный универсальным именем символа "\u0440", невозможно представить в текущей кодовой странице (1252)
\\mac\Home\Desktop\Netology\Lesson_1\Task_3\Task_3.cpp(24,22): warning C4566: символ, представленный универсальным именем символа "\u043A", невозможно представить в текущей кодовой странице (1252)
\\mac\Home\Desktop\Netology\Lesson_1\Task_3\Task_3.cpp(24,22): warning C4566: символ, представленный универсальным именем символа "\u0432", невозможно представить в текущей кодовой странице (1252)
\\mac\Home\Desktop\Netology\Lesson_1\Task_3\Task_3.cpp(24,22): warning C4566: символ, представленный универсальным именем символа "\u0430", невозможно представить в текущей кодовой странице (1252)
\\mac\Home\Desktop\Netology\Lesson_1\Task_3\Task_3.cpp(24,22): warning C4566: символ, представленный универсальным именем символа "\u0442", невозможно представить в текущей кодовой странице (1252)
\\mac\Home\Desktop\Netology\Lesson_1\Task_3\Task_3.cpp(24,22): warning C4566: символ, представленный универсальным именем символа "\u0438", невозможно представить в текущей кодовой странице (1252)
\\mac\Home\Desktop\Netology\Lesson_1\Task_3\Task_3.cpp(24,22): warning C4566: символ, представленный универсальным именем символа "\u044B", невозможно представить в текущей кодовой странице (1252)
\\mac\Home\Desktop\Netology\Lesson_1\Task_3\Task_3.cpp(26,22): warning C4566: символ, представленный универсальным именем символа "\u0418", невозможно представить в текущей кодовой странице (1252)
\\mac\Home\Desktop\Netology\Lesson_1\Task_3\Task_3.cpp(26,22): warning C4566: символ, представленный универсальным именем символа "\u043D", невозможно представить в текущей кодовой странице (1252)
\\mac\Home\Desktop\Netology\Lesson_1\Task_3\Task_3.cpp(26,22): warning C4566: символ, представленный универсальным именем символа "\u0434", невозможно представить в текущей кодовой странице (1252)
\\mac\Home\Desktop\Netology\Lesson_1\Task_3\Task_3.cpp(26,22): warning C4566: символ, представленный универсальным именем символа "\u0435", невозможно представить в текущей кодовой странице (1252)
\\mac\Home\Desktop\Netology\Lesson_1\Task_3\Task_3.cpp(26,22): warning C4566: символ, представленный универсальным именем символа "\u043A", невозможно представить в текущей кодовой странице (1252)
\\mac\Home\Desktop\Netology\Lesson_1\Task_3\Task_3.cpp(26,22): warning C4566: символ, представленный универсальным именем символа "\u0441", невозможно представить в текущей кодовой странице (1252)
\\mac\Home\Desktop\Netology\Lesson_1\Task_3\Task_3.cpp(31,22): warning C4566: символ, представленный универсальным именем символа "\u0413", невозможно представить в текущей кодовой странице (1252)
\\mac\Home\Desktop\Netology\Lesson_1\Task_3\Task_3.cpp(31,22): warning C4566: символ, представленный универсальным именем символа "\u043E", невозможно представить в текущей кодовой странице (1252)
\\mac\Home\Desktop\Netology\Lesson_1\Task_3\Task_3.cpp(31,22): warning C4566: символ, представленный универсальным именем символа "\u0440", невозможно представить в текущей кодовой странице (1252)
\\mac\Home\Desktop\Netology\Lesson_1\Task_3\Task_3.cpp(31,22): warning C4566: символ, представленный универсальным именем символа "\u0434", невозможно представить в текущей кодовой странице (1252)
\\mac\Home\Desktop\Netology\Lesson_1\Task_3\Task_3.cpp(32,22): warning C4566: символ, представленный универсальным именем символа "\u0423", невозможно представить в текущей кодовой странице (1252)
\\mac\Home\Desktop\Netology\Lesson_1\Task_3\Task_3.cpp(32,22): warning C4566: символ, представленный универсальным именем символа "\u043B", невозможно представить в текущей кодовой странице (1252)
\\mac\Home\Desktop\Netology\Lesson_1\Task_3\Task_3.cpp(32,22): warning C4566: символ, представленный универсальным именем символа "\u0438", невозможно представить в текущей кодовой странице (1252)
\\mac\Home\Desktop\Netology\Lesson_1\Task_3\Task_3.cpp(32,22): warning C4566: символ, представленный универсальным именем символа "\u0446", невозможно представить в текущей кодовой странице (1252)
\\mac\Home\Desktop\Netology\Lesson_1\Task_3\Task_3.cpp(32,22): warning C4566: символ, представленный универсальным именем символа "\u0430", невозможно представить в текущей кодовой странице (1252)
\\mac\Home\Desktop\Netology\Lesson_1\Task_3\Task_3.cpp(33,22): warning C4566: символ, представленный универсальным именем символа "\u041D", невозможно представить в текущей кодовой странице (1252)
\\mac\Home\Desktop\Netology\Lesson_1\Task_3\Task_3.cpp(33,22): warning C4566: символ, представленный универсальным именем символа "\u043E", невозможно представить в текущей кодовой странице (1252)
\\mac\Home\Desktop\Netology\Lesson_1\Task_3\Task_3.cpp(33,22): warning C4566: символ, представленный универсальным именем символа "\u043C", невозможно представить в текущей кодовой странице (1252)
\\mac\Home\Desktop\Netology\Lesson_1\Task_3\Task_3.cpp(33,22): warning C4566: символ, представленный универсальным именем символа "\u0435", невозможно представить в текущей кодовой странице (1252)
\\mac\Home\Desktop\Netology\Lesson_1\Task_3\Task_3.cpp(33,22): warning C4566: символ, представленный универсальным именем символа "\u0440", невозможно представить в текущей кодовой странице (1252)
\\mac\Home\Desktop\Netology\Lesson_1\Task_3\Task_3.cpp(33,22): warning C4566: символ, представленный универсальным именем символа "\u0434", невозможно представить в текущей кодовой странице (1252)
\\mac\Home\Desktop\Netology\Lesson_1\Task_3\Task_3.cpp(33,22): warning C4566: символ, представленный универсальным именем символа "\u0430", невозможно представить в текущей кодовой странице (1252)
\\mac\Home\Desktop\Netology\Lesson_1\Task_3\Task_3.cpp(34,22): warning C4566: символ, представленный универсальным именем символа "\u041D", невозможно представить в текущей кодовой странице (1252)
\\mac\Home\Desktop\Netology\Lesson_1\Task_3\Task_3.cpp(34,22): warning C4566: символ, представленный универсальным именем символа "\u043E", невозможно представить в текущей кодовой странице (1252)
\\mac\Home\Desktop\Netology\Lesson_1\Task_3\Task_3.cpp(34,22): warning C4566: символ, представленный универсальным именем символа "\u043C", невозможно представить в текущей кодовой странице (1252)
\\mac\Home\Desktop\Netology\Lesson_1\Task_3\Task_3.cpp(34,22): warning C4566: символ, представленный универсальным именем символа "\u0435", невозможно представить в текущей кодовой странице (1252)
\\mac\Home\Desktop\Netology\Lesson_1\Task_3\Task_3.cpp(34,22): warning C4566: символ, представленный универсальным именем символа "\u0440", невозможно представить в текущей кодовой странице (1252)
\\mac\Home\Desktop\Netology\Lesson_1\Task_3\Task_3.cpp(34,22): warning C4566: символ, представленный универсальным именем символа "\u043A", невозможно представить в текущей кодовой странице (1252)
\\mac\Home\Desktop\Netology\Lesson_1\Task_3\Task_3.cpp(34,22): warning C4566: символ, представленный универсальным именем символа "\u0432", невозможно представить в текущей кодовой странице (1252)
\\mac\Home\Desktop\Netology\Lesson_1\Task_3\Task_3.cpp(34,22): warning C4566: символ, представленный универсальным именем символа "\u0430", невозможно представить в текущей кодовой странице (1252)
\\mac\Home\Desktop\Netology\Lesson_1\Task_3\Task_3.cpp(34,22): warning C4566: символ, представленный универсальным именем символа "\u0442", невозможно представить в текущей кодовой странице (1252)
\\mac\Home\Desktop\Netology\Lesson_1\Task_3\Task_3.cpp(34,22): warning C4566: символ, представленный универсальным именем символа "\u0438", невозможно представить в текущей кодовой странице (1252)
\\mac\Home\Desktop\Netology\Lesson_1\Task_3\Task_3.cpp(34,22): warning C4566: символ, представленный универсальным именем символа "\u044B", невозможно представить в текущей кодовой странице (1252)
\\mac\Home\Desktop\Netology\Lesson_1\Task_3\Task_3.cpp(35,22): warning C4566: символ, представленный универсальным именем символа "\u0418", невозможно представить в текущей кодовой странице (1252)
\\mac\Home\Desktop\Netology\Lesson_1\Task_3\Task_3.cpp(35,22): warning C4566: символ, представленный универсальным именем символа "\u043D", невозможно представить в текущей кодовой странице (1252)
\\mac\Home\Desktop\Netology\Lesson_1\Task_3\Task_3.cpp(35,22): warning C4566: символ, представленный универсальным именем символа "\u0434", невозможно представить в текущей кодовой странице (1252)
\\mac\Home\Desktop\Netology\Lesson_1\Task_3\Task_3.cpp(35,22): warning C4566: символ, представленный универсальным именем символа "\u0435", невозможно представить в текущей кодовой странице (1252)
\\mac\Home\Desktop\Netology\Lesson_1\Task_3\Task_3.cpp(35,22): warning C4566: символ, представленный универсальным именем символа "\u043A", невозможно представить в текущей кодовой странице (1252)
\\mac\Home\Desktop\Netology\Lesson_1\Task_3\Task_3.cpp(35,22): warning C4566: символ, представленный универсальным именем символа "\u0441", невозможно представить в текущей кодовой странице (1252)
  Task_3.vcxproj -> \\Mac\Home\Desktop\Netology\Lesson_1\Task_3\ARM64\Debug\Task_3.exe
