  Task_2.cpp
\\mac\Home\Desktop\Netology\Lesson_1\Task_2\Task_2.cpp(11,18): warning C4566: символ, представленный универсальным именем символа "\u0412", невозможно представить в текущей кодовой странице (1252)
\\mac\Home\Desktop\Netology\Lesson_1\Task_2\Task_2.cpp(11,18): warning C4566: символ, представленный универсальным именем символа "\u0432", невозможно представить в текущей кодовой странице (1252)
\\mac\Home\Desktop\Netology\Lesson_1\Task_2\Task_2.cpp(11,18): warning C4566: символ, представленный универсальным именем символа "\u0435", невозможно представить в текущей кодовой странице (1252)
\\mac\Home\Desktop\Netology\Lesson_1\Task_2\Task_2.cpp(11,18): warning C4566: символ, представленный универсальным именем символа "\u0434", невозможно представить в текущей кодовой странице (1252)
\\mac\Home\Desktop\Netology\Lesson_1\Task_2\Task_2.cpp(11,18): warning C4566: символ, представленный универсальным именем символа "\u0438", невозможно представить в текущей кодовой странице (1252)
\\mac\Home\Desktop\Netology\Lesson_1\Task_2\Task_2.cpp(11,18): warning C4566: символ, представленный универсальным именем символа "\u0442", невозможно представить в текущей кодовой странице (1252)
\\mac\Home\Desktop\Netology\Lesson_1\Task_2\Task_2.cpp(11,18): warning C4566: символ, представленный универсальным именем символа "\u043D", невозможно представить в текущей кодовой странице (1252)
\\mac\Home\Desktop\Netology\Lesson_1\Task_2\Task_2.cpp(11,18): warning C4566: символ, представленный универсальным именем символа "\u043E", невозможно представить в текущей кодовой странице (1252)
\\mac\Home\Desktop\Netology\Lesson_1\Task_2\Task_2.cpp(11,18): warning C4566: символ, представленный универсальным именем символа "\u043C", невозможно представить в текущей кодовой странице (1252)
\\mac\Home\Desktop\Netology\Lesson_1\Task_2\Task_2.cpp(11,18): warning C4566: символ, представленный универсальным именем символа "\u0440", невозможно представить в текущей кодовой странице (1252)
\\mac\Home\Desktop\Netology\Lesson_1\Task_2\Task_2.cpp(11,18): warning C4566: символ, представленный универсальным именем символа "\u0441", невозможно представить в текущей кодовой странице (1252)
\\mac\Home\Desktop\Netology\Lesson_1\Task_2\Task_2.cpp(11,18): warning C4566: символ, представленный универсальным именем символа "\u0447", невозможно представить в текущей кодовой странице (1252)
\\mac\Home\Desktop\Netology\Lesson_1\Task_2\Task_2.cpp(11,18): warning C4566: символ, представленный универсальным именем символа "\u0430", невозможно представить в текущей кодовой странице (1252)
\\mac\Home\Desktop\Netology\Lesson_1\Task_2\Task_2.cpp(13,18): warning C4566: символ, представленный универсальным именем символа "\u0412", невозможно представить в текущей кодовой странице (1252)
\\mac\Home\Desktop\Netology\Lesson_1\Task_2\Task_2.cpp(13,18): warning C4566: символ, представленный универсальным именем символа "\u0432", невозможно представить в текущей кодовой странице (1252)
\\mac\Home\Desktop\Netology\Lesson_1\Task_2\Task_2.cpp(13,18): warning C4566: символ, представленный универсальным именем символа "\u0435", невозможно представить в текущей кодовой странице (1252)
\\mac\Home\Desktop\Netology\Lesson_1\Task_2\Task_2.cpp(13,18): warning C4566: символ, представленный универсальным именем символа "\u0434", невозможно представить в текущей кодовой странице (1252)
\\mac\Home\Desktop\Netology\Lesson_1\Task_2\Task_2.cpp(13,18): warning C4566: символ, представленный универсальным именем символа "\u0438", невозможно представить в текущей кодовой странице (1252)
\\mac\Home\Desktop\Netology\Lesson_1\Task_2\Task_2.cpp(13,18): warning C4566: символ, представленный универсальным именем символа "\u0442", невозможно представить в текущей кодовой странице (1252)
\\mac\Home\Desktop\Netology\Lesson_1\Task_2\Task_2.cpp(13,18): warning C4566: символ, представленный универсальным именем символа "\u043C", невозможно представить в текущей кодовой странице (1252)
\\mac\Home\Desktop\Netology\Lesson_1\Task_2\Task_2.cpp(13,18): warning C4566: символ, представленный универсальным именем символа "\u044F", невозможно представить в текущей кодовой странице (1252)
\\mac\Home\Desktop\Netology\Lesson_1\Task_2\Task_2.cpp(13,18): warning C4566: символ, представленный универсальным именем символа "\u043B", невозможно представить в текущей кодовой странице (1252)
\\mac\Home\Desktop\Netology\Lesson_1\Task_2\Task_2.cpp(13,18): warning C4566: символ, представленный универсальным именем символа "\u0430", невозможно представить в текущей кодовой странице (1252)
\\mac\Home\Desktop\Netology\Lesson_1\Task_2\Task_2.cpp(13,18): warning C4566: символ, представленный универсальным именем символа "\u044C", невозможно представить в текущей кодовой странице (1252)
\\mac\Home\Desktop\Netology\Lesson_1\Task_2\Task_2.cpp(13,18): warning C4566: символ, представленный универсальным именем символа "\u0446", невозможно представить в текущей кодовой странице (1252)
\\mac\Home\Desktop\Netology\Lesson_1\Task_2\Task_2.cpp(15,18): warning C4566: символ, представленный универсальным именем символа "\u0412", невозможно представить в текущей кодовой странице (1252)
\\mac\Home\Desktop\Netology\Lesson_1\Task_2\Task_2.cpp(15,18): warning C4566: символ, представленный универсальным именем символа "\u0432", невозможно представить в текущей кодовой странице (1252)
\\mac\Home\Desktop\Netology\Lesson_1\Task_2\Task_2.cpp(15,18): warning C4566: символ, представленный универсальным именем символа "\u0435", невозможно представить в текущей кодовой странице (1252)
\\mac\Home\Desktop\Netology\Lesson_1\Task_2\Task_2.cpp(15,18): warning C4566: символ, представленный универсальным именем символа "\u0434", невозможно представить в текущей кодовой странице (1252)
\\mac\Home\Desktop\Netology\Lesson_1\Task_2\Task_2.cpp(15,18): warning C4566: символ, представленный универсальным именем символа "\u0438", невозможно представить в текущей кодовой странице (1252)
\\mac\Home\Desktop\Netology\Lesson_1\Task_2\Task_2.cpp(15,18): warning C4566: символ, представленный универсальным именем символа "\u0442", невозможно представить в текущей кодовой странице (1252)
\\mac\Home\Desktop\Netology\Lesson_1\Task_2\Task_2.cpp(15,18): warning C4566: символ, представленный универсальным именем символа "\u0431", невозможно представить в текущей кодовой странице (1252)
\\mac\Home\Desktop\Netology\Lesson_1\Task_2\Task_2.cpp(15,18): warning C4566: символ, представленный универсальным именем символа "\u0430", невозможно представить в текущей кодовой странице (1252)
\\mac\Home\Desktop\Netology\Lesson_1\Task_2\Task_2.cpp(15,18): warning C4566: символ, представленный универсальным именем символа "\u043B", невозможно представить в текущей кодовой странице (1252)
\\mac\Home\Desktop\Netology\Lesson_1\Task_2\Task_2.cpp(15,18): warning C4566: символ, представленный универсальным именем символа "\u043D", невозможно представить в текущей кодовой странице (1252)
\\mac\Home\Desktop\Netology\Lesson_1\Task_2\Task_2.cpp(15,18): warning C4566: символ, представленный универсальным именем символа "\u0441", невозможно представить в текущей кодовой странице (1252)
\\mac\Home\Desktop\Netology\Lesson_1\Task_2\Task_2.cpp(17,18): warning C4566: символ, представленный универсальным именем символа "\u0412", невозможно представить в текущей кодовой странице (1252)
\\mac\Home\Desktop\Netology\Lesson_1\Task_2\Task_2.cpp(17,18): warning C4566: символ, представленный универсальным именем символа "\u0432", невозможно представить в текущей кодовой странице (1252)
\\mac\Home\Desktop\Netology\Lesson_1\Task_2\Task_2.cpp(17,18): warning C4566: символ, представленный универсальным именем символа "\u0435", невозможно представить в текущей кодовой странице (1252)
\\mac\Home\Desktop\Netology\Lesson_1\Task_2\Task_2.cpp(17,18): warning C4566: символ, представленный универсальным именем символа "\u0434", невозможно представить в текущей кодовой странице (1252)
\\mac\Home\Desktop\Netology\Lesson_1\Task_2\Task_2.cpp(17,18): warning C4566: символ, представленный универсальным именем символа "\u0438", невозможно представить в текущей кодовой странице (1252)
\\mac\Home\Desktop\Netology\Lesson_1\Task_2\Task_2.cpp(17,18): warning C4566: символ, представленный универсальным именем символа "\u0442", невозможно представить в текущей кодовой странице (1252)
\\mac\Home\Desktop\Netology\Lesson_1\Task_2\Task_2.cpp(17,18): warning C4566: символ, представленный универсальным именем символа "\u043D", невозможно представить в текущей кодовой странице (1252)
\\mac\Home\Desktop\Netology\Lesson_1\Task_2\Task_2.cpp(17,18): warning C4566: символ, представленный универсальным именем символа "\u043E", невозможно представить в текущей кодовой странице (1252)
\\mac\Home\Desktop\Netology\Lesson_1\Task_2\Task_2.cpp(17,18): warning C4566: символ, представленный универсальным именем символа "\u044B", невозможно представить в текущей кодовой странице (1252)
\\mac\Home\Desktop\Netology\Lesson_1\Task_2\Task_2.cpp(17,18): warning C4566: символ, представленный универсальным именем символа "\u0439", невозможно представить в текущей кодовой странице (1252)
\\mac\Home\Desktop\Netology\Lesson_1\Task_2\Task_2.cpp(17,18): warning C4566: символ, представленный универсальным именем символа "\u0431", невозможно представить в текущей кодовой странице (1252)
\\mac\Home\Desktop\Netology\Lesson_1\Task_2\Task_2.cpp(17,18): warning C4566: символ, представленный универсальным именем символа "\u0430", невозможно представить в текущей кодовой странице (1252)
\\mac\Home\Desktop\Netology\Lesson_1\Task_2\Task_2.cpp(17,18): warning C4566: символ, представленный универсальным именем символа "\u043B", невозможно представить в текущей кодовой странице (1252)
\\mac\Home\Desktop\Netology\Lesson_1\Task_2\Task_2.cpp(17,18): warning C4566: символ, представленный универсальным именем символа "\u0441", невозможно представить в текущей кодовой странице (1252)
\\mac\Home\Desktop\Netology\Lesson_1\Task_2\Task_2.cpp(25,18): warning C4566: символ, представленный универсальным именем символа "\u0412", невозможно представить в текущей кодовой странице (1252)
\\mac\Home\Desktop\Netology\Lesson_1\Task_2\Task_2.cpp(25,18): warning C4566: символ, представленный универсальным именем символа "\u0430", невозможно представить в текущей кодовой странице (1252)
\\mac\Home\Desktop\Netology\Lesson_1\Task_2\Task_2.cpp(25,18): warning C4566: символ, представленный универсальным именем символа "\u0448", невозможно представить в текущей кодовой странице (1252)
\\mac\Home\Desktop\Netology\Lesson_1\Task_2\Task_2.cpp(25,18): warning C4566: символ, представленный универсальным именем символа "\u0441", невозможно представить в текущей кодовой странице (1252)
\\mac\Home\Desktop\Netology\Lesson_1\Task_2\Task_2.cpp(25,18): warning C4566: символ, представленный универсальным именем символа "\u0447", невозможно представить в текущей кодовой странице (1252)
\\mac\Home\Desktop\Netology\Lesson_1\Task_2\Task_2.cpp(25,18): warning C4566: символ, представленный универсальным именем символа "\u0435", невозможно представить в текущей кодовой странице (1252)
\\mac\Home\Desktop\Netology\Lesson_1\Task_2\Task_2.cpp(25,18): warning C4566: символ, представленный универсальным именем символа "\u0442", невозможно представить в текущей кодовой странице (1252)
  Task_2.vcxproj -> \\Mac\Home\Desktop\Netology\Lesson_1\Task_2\ARM64\Debug\Task_2.exe
