  Task_1.cpp
\\mac\Home\Desktop\Netology\Lesson_1\Task_1\Task_1.cpp(21,18): warning C4566: символ, представленный универсальным именем символа "\u0412", невозможно представить в текущей кодовой странице (1252)
\\mac\Home\Desktop\Netology\Lesson_1\Task_1\Task_1.cpp(21,18): warning C4566: символ, представленный универсальным именем символа "\u0432", невозможно представить в текущей кодовой странице (1252)
\\mac\Home\Desktop\Netology\Lesson_1\Task_1\Task_1.cpp(21,18): warning C4566: символ, представленный универсальным именем символа "\u0435", невозможно представить в текущей кодовой странице (1252)
\\mac\Home\Desktop\Netology\Lesson_1\Task_1\Task_1.cpp(21,18): warning C4566: символ, представленный универсальным именем символа "\u0434", невозможно представить в текущей кодовой странице (1252)
\\mac\Home\Desktop\Netology\Lesson_1\Task_1\Task_1.cpp(21,18): warning C4566: символ, представленный универсальным именем символа "\u0438", невозможно представить в текущей кодовой странице (1252)
\\mac\Home\Desktop\Netology\Lesson_1\Task_1\Task_1.cpp(21,18): warning C4566: символ, представленный универсальным именем символа "\u0442", невозможно представить в текущей кодовой странице (1252)
\\mac\Home\Desktop\Netology\Lesson_1\Task_1\Task_1.cpp(21,18): warning C4566: символ, представленный универсальным именем символа "\u043D", невозможно представить в текущей кодовой странице (1252)
\\mac\Home\Desktop\Netology\Lesson_1\Task_1\Task_1.cpp(21,18): warning C4566: символ, представленный универсальным именем символа "\u043E", невозможно представить в текущей кодовой странице (1252)
\\mac\Home\Desktop\Netology\Lesson_1\Task_1\Task_1.cpp(21,18): warning C4566: символ, представленный универсальным именем символа "\u043C", невозможно представить в текущей кодовой странице (1252)
\\mac\Home\Desktop\Netology\Lesson_1\Task_1\Task_1.cpp(21,18): warning C4566: символ, представленный универсальным именем символа "\u0440", невозможно представить в текущей кодовой странице (1252)
\\mac\Home\Desktop\Netology\Lesson_1\Task_1\Task_1.cpp(21,18): warning C4566: символ, представленный универсальным именем символа "\u0441", невозможно представить в текущей кодовой странице (1252)
\\mac\Home\Desktop\Netology\Lesson_1\Task_1\Task_1.cpp(21,18): warning C4566: символ, представленный универсальным именем символа "\u044F", невозможно представить в текущей кодовой странице (1252)
\\mac\Home\Desktop\Netology\Lesson_1\Task_1\Task_1.cpp(21,18): warning C4566: символ, представленный универсальным именем символа "\u0446", невозможно представить в текущей кодовой странице (1252)
\\mac\Home\Desktop\Netology\Lesson_1\Task_1\Task_1.cpp(21,18): warning C4566: символ, представленный универсальным именем символа "\u0430", невозможно представить в текущей кодовой странице (1252)
\\mac\Home\Desktop\Netology\Lesson_1\Task_1\Task_1.cpp(28,22): warning C4566: символ, представленный универсальным именем символа "\u042F", невозможно представить в текущей кодовой странице (1252)
\\mac\Home\Desktop\Netology\Lesson_1\Task_1\Task_1.cpp(28,22): warning C4566: символ, представленный универсальным именем символа "\u043D", невозможно представить в текущей кодовой странице (1252)
\\mac\Home\Desktop\Netology\Lesson_1\Task_1\Task_1.cpp(28,22): warning C4566: символ, представленный универсальным именем символа "\u0432", невозможно представить в текущей кодовой странице (1252)
\\mac\Home\Desktop\Netology\Lesson_1\Task_1\Task_1.cpp(28,22): warning C4566: символ, представленный универсальным именем символа "\u0430", невозможно представить в текущей кодовой странице (1252)
\\mac\Home\Desktop\Netology\Lesson_1\Task_1\Task_1.cpp(28,22): warning C4566: символ, представленный универсальным именем символа "\u0440", невозможно представить в текущей кодовой странице (1252)
\\mac\Home\Desktop\Netology\Lesson_1\Task_1\Task_1.cpp(28,22): warning C4566: символ, представленный универсальным именем символа "\u044C", невозможно представить в текущей кодовой странице (1252)
\\mac\Home\Desktop\Netology\Lesson_1\Task_1\Task_1.cpp(31,22): warning C4566: символ, представленный универсальным именем символа "\u0424", невозможно представить в текущей кодовой странице (1252)
\\mac\Home\Desktop\Netology\Lesson_1\Task_1\Task_1.cpp(31,22): warning C4566: символ, представленный универсальным именем символа "\u0435", невозможно представить в текущей кодовой странице (1252)
\\mac\Home\Desktop\Netology\Lesson_1\Task_1\Task_1.cpp(31,22): warning C4566: символ, представленный универсальным именем символа "\u0432", невозможно представить в текущей кодовой странице (1252)
\\mac\Home\Desktop\Netology\Lesson_1\Task_1\Task_1.cpp(31,22): warning C4566: символ, представленный универсальным именем символа "\u0440", невозможно представить в текущей кодовой странице (1252)
\\mac\Home\Desktop\Netology\Lesson_1\Task_1\Task_1.cpp(31,22): warning C4566: символ, представленный универсальным именем символа "\u0430", невозможно представить в текущей кодовой странице (1252)
\\mac\Home\Desktop\Netology\Lesson_1\Task_1\Task_1.cpp(31,22): warning C4566: символ, представленный универсальным именем символа "\u043B", невозможно представить в текущей кодовой странице (1252)
\\mac\Home\Desktop\Netology\Lesson_1\Task_1\Task_1.cpp(31,22): warning C4566: символ, представленный универсальным именем символа "\u044C", невозможно представить в текущей кодовой странице (1252)
\\mac\Home\Desktop\Netology\Lesson_1\Task_1\Task_1.cpp(34,22): warning C4566: символ, представленный универсальным именем символа "\u041C", невозможно представить в текущей кодовой странице (1252)
\\mac\Home\Desktop\Netology\Lesson_1\Task_1\Task_1.cpp(34,22): warning C4566: символ, представленный универсальным именем символа "\u0430", невозможно представить в текущей кодовой странице (1252)
\\mac\Home\Desktop\Netology\Lesson_1\Task_1\Task_1.cpp(34,22): warning C4566: символ, представленный универсальным именем символа "\u0440", невозможно представить в текущей кодовой странице (1252)
\\mac\Home\Desktop\Netology\Lesson_1\Task_1\Task_1.cpp(34,22): warning C4566: символ, представленный универсальным именем символа "\u0442", невозможно представить в текущей кодовой странице (1252)
\\mac\Home\Desktop\Netology\Lesson_1\Task_1\Task_1.cpp(37,22): warning C4566: символ, представленный универсальным именем символа "\u0410", невозможно представить в текущей кодовой странице (1252)
\\mac\Home\Desktop\Netology\Lesson_1\Task_1\Task_1.cpp(37,22): warning C4566: символ, представленный универсальным именем символа "\u043F", невозможно представить в текущей кодовой странице (1252)
\\mac\Home\Desktop\Netology\Lesson_1\Task_1\Task_1.cpp(37,22): warning C4566: символ, представленный универсальным именем символа "\u0440", невозможно представить в текущей кодовой странице (1252)
\\mac\Home\Desktop\Netology\Lesson_1\Task_1\Task_1.cpp(37,22): warning C4566: символ, представленный универсальным именем символа "\u0435", невозможно представить в текущей кодовой странице (1252)
\\mac\Home\Desktop\Netology\Lesson_1\Task_1\Task_1.cpp(37,22): warning C4566: символ, представленный универсальным именем символа "\u043B", невозможно представить в текущей кодовой странице (1252)
\\mac\Home\Desktop\Netology\Lesson_1\Task_1\Task_1.cpp(37,22): warning C4566: символ, представленный универсальным именем символа "\u044C", невозможно представить в текущей кодовой странице (1252)
\\mac\Home\Desktop\Netology\Lesson_1\Task_1\Task_1.cpp(40,22): warning C4566: символ, представленный универсальным именем символа "\u041C", невозможно представить в текущей кодовой странице (1252)
\\mac\Home\Desktop\Netology\Lesson_1\Task_1\Task_1.cpp(40,22): warning C4566: символ, представленный универсальным именем символа "\u0430", невозможно представить в текущей кодовой странице (1252)
\\mac\Home\Desktop\Netology\Lesson_1\Task_1\Task_1.cpp(40,22): warning C4566: символ, представленный универсальным именем символа "\u0439", невозможно представить в текущей кодовой странице (1252)
\\mac\Home\Desktop\Netology\Lesson_1\Task_1\Task_1.cpp(43,22): warning C4566: символ, представленный универсальным именем символа "\u0418", невозможно представить в текущей кодовой странице (1252)
\\mac\Home\Desktop\Netology\Lesson_1\Task_1\Task_1.cpp(43,22): warning C4566: символ, представленный универсальным именем символа "\u044E", невозможно представить в текущей кодовой странице (1252)
\\mac\Home\Desktop\Netology\Lesson_1\Task_1\Task_1.cpp(43,22): warning C4566: символ, представленный универсальным именем символа "\u043D", невозможно представить в текущей кодовой странице (1252)
\\mac\Home\Desktop\Netology\Lesson_1\Task_1\Task_1.cpp(43,22): warning C4566: символ, представленный универсальным именем символа "\u044C", невозможно представить в текущей кодовой странице (1252)
\\mac\Home\Desktop\Netology\Lesson_1\Task_1\Task_1.cpp(46,22): warning C4566: символ, представленный универсальным именем символа "\u0418", невозможно представить в текущей кодовой странице (1252)
\\mac\Home\Desktop\Netology\Lesson_1\Task_1\Task_1.cpp(46,22): warning C4566: символ, представленный универсальным именем символа "\u044E", невозможно представить в текущей кодовой странице (1252)
\\mac\Home\Desktop\Netology\Lesson_1\Task_1\Task_1.cpp(46,22): warning C4566: символ, представленный универсальным именем символа "\u043B", невозможно представить в текущей кодовой странице (1252)
\\mac\Home\Desktop\Netology\Lesson_1\Task_1\Task_1.cpp(46,22): warning C4566: символ, представленный универсальным именем символа "\u044C", невозможно представить в текущей кодовой странице (1252)
\\mac\Home\Desktop\Netology\Lesson_1\Task_1\Task_1.cpp(49,22): warning C4566: символ, представленный универсальным именем символа "\u0410", невозможно представить в текущей кодовой странице (1252)
\\mac\Home\Desktop\Netology\Lesson_1\Task_1\Task_1.cpp(49,22): warning C4566: символ, представленный универсальным именем символа "\u0432", невозможно представить в текущей кодовой странице (1252)
\\mac\Home\Desktop\Netology\Lesson_1\Task_1\Task_1.cpp(49,22): warning C4566: символ, представленный универсальным именем символа "\u0433", невозможно представить в текущей кодовой странице (1252)
\\mac\Home\Desktop\Netology\Lesson_1\Task_1\Task_1.cpp(49,22): warning C4566: символ, представленный универсальным именем символа "\u0443", невозможно представить в текущей кодовой странице (1252)
\\mac\Home\Desktop\Netology\Lesson_1\Task_1\Task_1.cpp(49,22): warning C4566: символ, представленный универсальным именем символа "\u0441", невозможно представить в текущей кодовой странице (1252)
\\mac\Home\Desktop\Netology\Lesson_1\Task_1\Task_1.cpp(49,22): warning C4566: символ, представленный универсальным именем символа "\u0442", невозможно представить в текущей кодовой странице (1252)
\\mac\Home\Desktop\Netology\Lesson_1\Task_1\Task_1.cpp(52,22): warning C4566: символ, представленный универсальным именем символа "\u0421", невозможно представить в текущей кодовой странице (1252)
\\mac\Home\Desktop\Netology\Lesson_1\Task_1\Task_1.cpp(52,22): warning C4566: символ, представленный универсальным именем символа "\u0435", невозможно представить в текущей кодовой странице (1252)
\\mac\Home\Desktop\Netology\Lesson_1\Task_1\Task_1.cpp(52,22): warning C4566: символ, представленный универсальным именем символа "\u043D", невозможно представить в текущей кодовой странице (1252)
\\mac\Home\Desktop\Netology\Lesson_1\Task_1\Task_1.cpp(52,22): warning C4566: символ, представленный универсальным именем символа "\u0442", невозможно представить в текущей кодовой странице (1252)
\\mac\Home\Desktop\Netology\Lesson_1\Task_1\Task_1.cpp(52,22): warning C4566: символ, представленный универсальным именем символа "\u044F", невозможно представить в текущей кодовой странице (1252)
\\mac\Home\Desktop\Netology\Lesson_1\Task_1\Task_1.cpp(52,22): warning C4566: символ, представленный универсальным именем символа "\u0431", невозможно представить в текущей кодовой странице (1252)
\\mac\Home\Desktop\Netology\Lesson_1\Task_1\Task_1.cpp(52,22): warning C4566: символ, представленный универсальным именем символа "\u0440", невозможно представить в текущей кодовой странице (1252)
\\mac\Home\Desktop\Netology\Lesson_1\Task_1\Task_1.cpp(52,22): warning C4566: символ, представленный универсальным именем символа "\u044C", невозможно представить в текущей кодовой странице (1252)
\\mac\Home\Desktop\Netology\Lesson_1\Task_1\Task_1.cpp(55,22): warning C4566: символ, представленный универсальным именем символа "\u041E", невозможно представить в текущей кодовой странице (1252)
\\mac\Home\Desktop\Netology\Lesson_1\Task_1\Task_1.cpp(55,22): warning C4566: символ, представленный универсальным именем символа "\u043A", невозможно представить в текущей кодовой странице (1252)
\\mac\Home\Desktop\Netology\Lesson_1\Task_1\Task_1.cpp(55,22): warning C4566: символ, представленный универсальным именем символа "\u0442", невозможно представить в текущей кодовой странице (1252)
\\mac\Home\Desktop\Netology\Lesson_1\Task_1\Task_1.cpp(55,22): warning C4566: символ, представленный универсальным именем символа "\u044F", невозможно представить в текущей кодовой странице (1252)
\\mac\Home\Desktop\Netology\Lesson_1\Task_1\Task_1.cpp(55,22): warning C4566: символ, представленный универсальным именем символа "\u0431", невозможно представить в текущей кодовой странице (1252)
\\mac\Home\Desktop\Netology\Lesson_1\Task_1\Task_1.cpp(55,22): warning C4566: символ, представленный универсальным именем символа "\u0440", невозможно представить в текущей кодовой странице (1252)
\\mac\Home\Desktop\Netology\Lesson_1\Task_1\Task_1.cpp(55,22): warning C4566: символ, представленный универсальным именем символа "\u044C", невозможно представить в текущей кодовой странице (1252)
\\mac\Home\Desktop\Netology\Lesson_1\Task_1\Task_1.cpp(58,22): warning C4566: символ, представленный универсальным именем символа "\u041D", невозможно представить в текущей кодовой странице (1252)
\\mac\Home\Desktop\Netology\Lesson_1\Task_1\Task_1.cpp(58,22): warning C4566: символ, представленный универсальным именем символа "\u043E", невозможно представить в текущей кодовой странице (1252)
\\mac\Home\Desktop\Netology\Lesson_1\Task_1\Task_1.cpp(58,22): warning C4566: символ, представленный универсальным именем символа "\u044F", невозможно представить в текущей кодовой странице (1252)
\\mac\Home\Desktop\Netology\Lesson_1\Task_1\Task_1.cpp(58,22): warning C4566: символ, представленный универсальным именем символа "\u0431", невозможно представить в текущей кодовой странице (1252)
\\mac\Home\Desktop\Netology\Lesson_1\Task_1\Task_1.cpp(58,22): warning C4566: символ, представленный универсальным именем символа "\u0440", невозможно представить в текущей кодовой странице (1252)
\\mac\Home\Desktop\Netology\Lesson_1\Task_1\Task_1.cpp(58,22): warning C4566: символ, представленный универсальным именем символа "\u044C", невозможно представить в текущей кодовой странице (1252)
\\mac\Home\Desktop\Netology\Lesson_1\Task_1\Task_1.cpp(61,22): warning C4566: символ, представленный универсальным именем символа "\u0414", невозможно представить в текущей кодовой странице (1252)
\\mac\Home\Desktop\Netology\Lesson_1\Task_1\Task_1.cpp(61,22): warning C4566: символ, представленный универсальным именем символа "\u0435", невозможно представить в текущей кодовой странице (1252)
\\mac\Home\Desktop\Netology\Lesson_1\Task_1\Task_1.cpp(61,22): warning C4566: символ, представленный универсальным именем символа "\u043A", невозможно представить в текущей кодовой странице (1252)
\\mac\Home\Desktop\Netology\Lesson_1\Task_1\Task_1.cpp(61,22): warning C4566: символ, представленный универсальным именем символа "\u0430", невозможно представить в текущей кодовой странице (1252)
\\mac\Home\Desktop\Netology\Lesson_1\Task_1\Task_1.cpp(61,22): warning C4566: символ, представленный универсальным именем символа "\u0431", невозможно представить в текущей кодовой странице (1252)
\\mac\Home\Desktop\Netology\Lesson_1\Task_1\Task_1.cpp(61,22): warning C4566: символ, представленный универсальным именем символа "\u0440", невозможно представить в текущей кодовой странице (1252)
\\mac\Home\Desktop\Netology\Lesson_1\Task_1\Task_1.cpp(61,22): warning C4566: символ, представленный универсальным именем символа "\u044C", невозможно представить в текущей кодовой странице (1252)
\\mac\Home\Desktop\Netology\Lesson_1\Task_1\Task_1.cpp(65,26): warning C4566: символ, представленный универсальным именем символа "\u0414", невозможно представить в текущей кодовой странице (1252)
\\mac\Home\Desktop\Netology\Lesson_1\Task_1\Task_1.cpp(65,26): warning C4566: символ, представленный универсальным именем символа "\u043E", невозможно представить в текущей кодовой странице (1252)
\\mac\Home\Desktop\Netology\Lesson_1\Task_1\Task_1.cpp(65,26): warning C4566: символ, представленный универсальным именем символа "\u0441", невозможно представить в текущей кодовой странице (1252)
\\mac\Home\Desktop\Netology\Lesson_1\Task_1\Task_1.cpp(65,26): warning C4566: символ, представленный универсальным именем символа "\u0432", невозможно представить в текущей кодовой странице (1252)
\\mac\Home\Desktop\Netology\Lesson_1\Task_1\Task_1.cpp(65,26): warning C4566: символ, представленный универсальным именем символа "\u0438", невозможно представить в текущей кодовой странице (1252)
\\mac\Home\Desktop\Netology\Lesson_1\Task_1\Task_1.cpp(65,26): warning C4566: символ, представленный универсальным именем символа "\u0434", невозможно представить в текущей кодовой странице (1252)
\\mac\Home\Desktop\Netology\Lesson_1\Task_1\Task_1.cpp(65,26): warning C4566: символ, представленный универсальным именем символа "\u0430", невозможно представить в текущей кодовой странице (1252)
\\mac\Home\Desktop\Netology\Lesson_1\Task_1\Task_1.cpp(65,26): warning C4566: символ, представленный универсальным именем символа "\u043D", невозможно представить в текущей кодовой странице (1252)
\\mac\Home\Desktop\Netology\Lesson_1\Task_1\Task_1.cpp(65,26): warning C4566: символ, представленный универсальным именем символа "\u044F", невозможно представить в текущей кодовой странице (1252)
\\mac\Home\Desktop\Netology\Lesson_1\Task_1\Task_1.cpp(69,26): warning C4566: символ, представленный универсальным именем символа "\u041D", невозможно представить в текущей кодовой странице (1252)
\\mac\Home\Desktop\Netology\Lesson_1\Task_1\Task_1.cpp(69,26): warning C4566: символ, представленный универсальным именем символа "\u0435", невозможно представить в текущей кодовой странице (1252)
\\mac\Home\Desktop\Netology\Lesson_1\Task_1\Task_1.cpp(69,26): warning C4566: символ, представленный универсальным именем символа "\u0432", невозможно представить в текущей кодовой странице (1252)
\\mac\Home\Desktop\Netology\Lesson_1\Task_1\Task_1.cpp(69,26): warning C4566: символ, представленный универсальным именем символа "\u0440", невозможно представить в текущей кодовой странице (1252)
\\mac\Home\Desktop\Netology\Lesson_1\Task_1\Task_1.cpp(69,26): warning C4566: символ, представленный универсальным именем символа "\u043D", невозможно представить в текущей кодовой странице (1252)
\\mac\Home\Desktop\Netology\Lesson_1\Task_1\Task_1.cpp(69,26): warning C4566: символ, представленный универсальным именем символа "\u044B", невозможно представить в текущей кодовой странице (1252)
\\mac\Home\Desktop\Netology\Lesson_1\Task_1\Task_1.cpp(69,26): warning C4566: символ, представленный универсальным именем символа "\u0439", невозможно представить в текущей кодовой странице (1252)
\\mac\Home\Desktop\Netology\Lesson_1\Task_1\Task_1.cpp(69,26): warning C4566: символ, представленный универсальным именем символа "\u043E", невозможно представить в текущей кодовой странице (1252)
\\mac\Home\Desktop\Netology\Lesson_1\Task_1\Task_1.cpp(69,26): warning C4566: символ, представленный универсальным именем символа "\u043C", невозможно представить в текущей кодовой странице (1252)
\\mac\Home\Desktop\Netology\Lesson_1\Task_1\Task_1.cpp(69,26): warning C4566: символ, представленный универсальным именем символа "\u0441", невозможно представить в текущей кодовой странице (1252)
\\mac\Home\Desktop\Netology\Lesson_1\Task_1\Task_1.cpp(69,26): warning C4566: символ, представленный универсальным именем символа "\u044F", невозможно представить в текущей кодовой странице (1252)
\\mac\Home\Desktop\Netology\Lesson_1\Task_1\Task_1.cpp(69,26): warning C4566: символ, представленный универсальным именем символа "\u0446", невозможно представить в текущей кодовой странице (1252)
\\mac\Home\Desktop\Netology\Lesson_1\Task_1\Task_1.cpp(69,26): warning C4566: символ, представленный универсальным именем символа "\u0430", невозможно представить в текущей кодовой странице (1252)
  Task_1.vcxproj -> \\Mac\Home\Desktop\Netology\Lesson_1\Task_1\ARM64\Debug\Task_1.exe
